<?xml version="1.0" encoding="UTF-8"?>
<!-- Generated by org.testng.reporters.JUnitReportReporter -->
<testsuite name="org.testing.testCases.TC2" tests="1" time="2.931" ignored="0" failures="0" timestamp="03 Dec 2018 17:10:03 GMT" skipped="0" hostname="Jitender" errors="0">
  <testcase name="testCase1" time="2.931" classname="org.testing.testCases.TC2"/>
</testsuite> <!-- org.testing.testCases.TC2 -->
