<?xml version="1.0" encoding="UTF-8"?>
<!-- Generated by org.testng.reporters.JUnitReportReporter -->
<testsuite name="org.testing.testCases.TC3" tests="1" time="2.333" ignored="0" failures="0" timestamp="03 Dec 2018 17:10:50 GMT" skipped="0" hostname="Jitender" errors="0">
  <testcase name="testCase1" time="2.333" classname="org.testing.testCases.TC3"/>
</testsuite> <!-- org.testing.testCases.TC3 -->
